
[2025-05-20 08:13:33]
Arquivo: C:\xampp\htdocs\microblog\src\Database\ConexaoBD.php
Linha: 24
Mensagem: SQLSTATE[HY000] [2002] Nenhuma conexão pôde ser feita porque a máquina de destino as recusou ativamente

[2025-05-20 09:23:28]
Arquivo: C:\xampp\htdocs\microblog-julia\src\Database\ConexaoBD.php
Linha: 24
Mensagem: SQLSTATE[HY000] [1049] Unknown database 'microblog-julia'

[2025-05-20 09:24:20]
Arquivo: C:\xampp\htdocs\microblog-julia\src\Database\ConexaoBD.php
Linha: 24
Mensagem: SQLSTATE[HY000] [1049] Unknown database 'microblog-julia'

[2025-05-20 09:24:28]
Arquivo: C:\xampp\htdocs\microblog-julia\src\Database\ConexaoBD.php
Linha: 24
Mensagem: SQLSTATE[HY000] [1049] Unknown database 'microblog-julia'

[2025-05-20 09:24:31]
Arquivo: C:\xampp\htdocs\microblog-julia\src\Database\ConexaoBD.php
Linha: 24
Mensagem: SQLSTATE[HY000] [1049] Unknown database 'microblog-julia'

[2025-05-20 09:24:41]
Arquivo: C:\xampp\htdocs\microblog-julia\src\Database\ConexaoBD.php
Linha: 24
Mensagem: SQLSTATE[HY000] [1049] Unknown database 'microblog-julia'

[2025-05-20 09:25:06]
Arquivo: C:\xampp\htdocs\microblog-julia\src\Database\ConexaoBD.php
Linha: 24
Mensagem: SQLSTATE[HY000] [1049] Unknown database 'microblog-julia'

[2025-05-20 09:25:33]
Arquivo: C:\xampp\htdocs\microblog-julia\src\Database\ConexaoBD.php
Linha: 24
Mensagem: SQLSTATE[HY000] [1049] Unknown database 'microblog-julia'

[2025-05-20 09:25:50]
Arquivo: C:\xampp\htdocs\microblog-julia\src\Database\ConexaoBD.php
Linha: 24
Mensagem: SQLSTATE[HY000] [1049] Unknown database 'microblog-julia'

[2025-05-20 09:26:00]
Arquivo: C:\xampp\htdocs\microblog-julia\src\Database\ConexaoBD.php
Linha: 24
Mensagem: SQLSTATE[HY000] [1049] Unknown database 'microblog-julia'

[2025-05-20 09:26:02]
Arquivo: C:\xampp\htdocs\microblog-julia\src\Database\ConexaoBD.php
Linha: 24
Mensagem: SQLSTATE[HY000] [1049] Unknown database 'microblog-julia'

